# JRE version: Java(TM) SE Runtime Environment (8.0_65-b17) (build 1.8.0_65-b17)
# Java VM: Java HotSpot(TM) 64-Bit Server VM (25.65-b01 mixed mode windows-amd64 compressed oops)
Heap:
 PSYoungGen      total 113664K, used 58880K [0x00000000f5580000, 0x0000000100000000, 0x0000000100000000)
  eden space 58880K, 100% used [0x00000000f5580000,0x00000000f8f00000,0x00000000f8f00000)
  from space 54784K, 0% used [0x00000000fca80000,0x00000000fca80000,0x0000000100000000)
  to   space 57856K, 0% used [0x00000000f8f00000,0x00000000f8f00000,0x00000000fc780000)
 ParOldGen       total 349696K, used 349691K [0x00000000e0000000, 0x00000000f5580000, 0x00000000f5580000)
  object space 349696K, 99% used [0x00000000e0000000,0x00000000f557eeb8,0x00000000f5580000)
 Metaspace       used 149658K, capacity 158169K, committed 159616K, reserved 1187840K
  class space    used 19278K, capacity 21018K, committed 21376K, reserved 1048576K
GC Heap History (10 events):
Event: 2855.358 GC heap before
{Heap before GC invocations=859 (full 628):
 PSYoungGen      total 113664K, used 58880K [0x00000000f5580000, 0x0000000100000000, 0x0000000100000000)
  eden space 58880K, 100% used [0x00000000f5580000,0x00000000f8f00000,0x00000000f8f00000)
  from space 54784K, 0% used [0x00000000fca80000,0x00000000fca80000,0x0000000100000000)
  to   space 57856K, 0% used [0x00000000f8f00000,0x00000000f8f00000,0x00000000fc780000)
 ParOldGen       total 349696K, used 349694K [0x00000000e0000000, 0x00000000f5580000, 0x00000000f5580000)
  object space 349696K, 99% used [0x00000000e0000000,0x00000000f557fa00,0x00000000f5580000)
 Metaspace       used 149658K, capacity 158169K, committed 159616K, reserved 1187840K
  class space    used 19278K, capacity 21018K, committed 21376K, reserved 1048576K
Event: 2855.990 GC heap after
Heap after GC invocations=859 (full 628):
 PSYoungGen      total 113664K, used 58879K [0x00000000f5580000, 0x0000000100000000, 0x0000000100000000)
  eden space 58880K, 99% used [0x00000000f5580000,0x00000000f8effc90,0x00000000f8f00000)
  from space 54784K, 0% used [0x00000000fca80000,0x00000000fca80000,0x0000000100000000)
  to   space 57856K, 0% used [0x00000000f8f00000,0x00000000f8f00000,0x00000000fc780000)
 ParOldGen       total 349696K, used 349691K [0x00000000e0000000, 0x00000000f5580000, 0x00000000f5580000)
  object space 349696K, 99% used [0x00000000e0000000,0x00000000f557ec78,0x00000000f5580000)
 Metaspace       used 149658K, capacity 158169K, committed 159616K, reserved 1187840K
  class space    used 19278K, capacity 21018K, committed 21376K, reserved 1048576K
}
Event: 2855.991 GC heap before
{Heap before GC invocations=860 (full 629):
 PSYoungGen      total 113664K, used 58880K [0x00000000f5580000, 0x0000000100000000, 0x0000000100000000)
  eden space 58880K, 100% used [0x00000000f5580000,0x00000000f8f00000,0x00000000f8f00000)
  from space 54784K, 0% used [0x00000000fca80000,0x00000000fca80000,0x0000000100000000)
  to   space 57856K, 0% used [0x00000000f8f00000,0x00000000f8f00000,0x00000000fc780000)
 ParOldGen       total 349696K, used 349691K [0x00000000e0000000, 0x00000000f5580000, 0x00000000f5580000)
  object space 349696K, 99% used [0x00000000e0000000,0x00000000f557ec78,0x00000000f5580000)
 Metaspace       used 149658K, capacity 158169K, committed 159616K, reserved 1187840K
  class space    used 19278K, capacity 21018K, committed 21376K, reserved 1048576K
Event: 2856.623 GC heap after
Heap after GC invocations=860 (full 629):
 PSYoungGen      total 113664K, used 58879K [0x00000000f5580000, 0x0000000100000000, 0x0000000100000000)
  eden space 58880K, 99% used [0x00000000f5580000,0x00000000f8effdb8,0x00000000f8f00000)
  from space 54784K, 0% used [0x00000000fca80000,0x00000000fca80000,0x0000000100000000)
  to   space 57856K, 0% used [0x00000000f8f00000,0x00000000f8f00000,0x00000000fc780000)
 ParOldGen       total 349696K, used 349691K [0x00000000e0000000, 0x00000000f5580000, 0x00000000f5580000)
  object space 349696K, 99% used [0x00000000e0000000,0x00000000f557ec10,0x00000000f5580000)
 Metaspace       used 149658K, capacity 158169K, committed 159616K, reserved 1187840K
  class space    used 19278K, capacity 21018K, committed 21376K, reserved 1048576K
}
Event: 2856.624 GC heap before
{Heap before GC invocations=861 (full 630):
 PSYoungGen      total 113664K, used 58880K [0x00000000f5580000, 0x0000000100000000, 0x0000000100000000)
  eden space 58880K, 100% used [0x00000000f5580000,0x00000000f8f00000,0x00000000f8f00000)
  from space 54784K, 0% used [0x00000000fca80000,0x00000000fca80000,0x0000000100000000)
  to   space 57856K, 0% used [0x00000000f8f00000,0x00000000f8f00000,0x00000000fc780000)
 ParOldGen       total 349696K, used 349691K [0x00000000e0000000, 0x00000000f5580000, 0x00000000f5580000)
  object space 349696K, 99% used [0x00000000e0000000,0x00000000f557ec10,0x00000000f5580000)
 Metaspace       used 149658K, capacity 158169K, committed 159616K, reserved 1187840K
  class space    used 19278K, capacity 21018K, committed 21376K, reserved 1048576K
Event: 2857.259 GC heap after
Heap after GC invocations=861 (full 630):
 PSYoungGen      total 113664K, used 58879K [0x00000000f5580000, 0x0000000100000000, 0x0000000100000000)
  eden space 58880K, 99% used [0x00000000f5580000,0x00000000f8effef8,0x00000000f8f00000)
  from space 54784K, 0% used [0x00000000fca80000,0x00000000fca80000,0x0000000100000000)
  to   space 57856K, 0% used [0x00000000f8f00000,0x00000000f8f00000,0x00000000fc780000)
 ParOldGen       total 349696K, used 349691K [0x00000000e0000000, 0x00000000f5580000, 0x00000000f5580000)
  object space 349696K, 99% used [0x00000000e0000000,0x00000000f557ec10,0x00000000f5580000)
 Metaspace       used 149658K, capacity 158169K, committed 159616K, reserved 1187840K
  class space    used 19278K, capacity 21018K, committed 21376K, reserved 1048576K
}
Event: 2857.259 GC heap before
{Heap before GC invocations=862 (full 631):
 PSYoungGen      total 113664K, used 58879K [0x00000000f5580000, 0x0000000100000000, 0x0000000100000000)
  eden space 58880K, 99% used [0x00000000f5580000,0x00000000f8effef8,0x00000000f8f00000)
  from space 54784K, 0% used [0x00000000fca80000,0x00000000fca80000,0x0000000100000000)
  to   space 57856K, 0% used [0x00000000f8f00000,0x00000000f8f00000,0x00000000fc780000)
 ParOldGen       total 349696K, used 349691K [0x00000000e0000000, 0x00000000f5580000, 0x00000000f5580000)
  object space 349696K, 99% used [0x00000000e0000000,0x00000000f557ec10,0x00000000f5580000)
 Metaspace       used 149658K, capacity 158169K, committed 159616K, reserved 1187840K
  class space    used 19278K, capacity 21018K, committed 21376K, reserved 1048576K
Event: 2857.894 GC heap after
Heap after GC invocations=862 (full 631):
 PSYoungGen      total 113664K, used 58879K [0x00000000f5580000, 0x0000000100000000, 0x0000000100000000)
  eden space 58880K, 99% used [0x00000000f5580000,0x00000000f8effef8,0x00000000f8f00000)
  from space 54784K, 0% used [0x00000000fca80000,0x00000000fca80000,0x0000000100000000)
  to   space 57856K, 0% used [0x00000000f8f00000,0x00000000f8f00000,0x00000000fc780000)
 ParOldGen       total 349696K, used 349691K [0x00000000e0000000, 0x00000000f5580000, 0x00000000f5580000)
  object space 349696K, 99% used [0x00000000e0000000,0x00000000f557ec10,0x00000000f5580000)
 Metaspace       used 149658K, capacity 158169K, committed 159616K, reserved 1187840K
  class space    used 19278K, capacity 21018K, committed 21376K, reserved 1048576K
}
Event: 2857.968 GC heap before
{Heap before GC invocations=863 (full 632):
 PSYoungGen      total 113664K, used 58880K [0x00000000f5580000, 0x0000000100000000, 0x0000000100000000)
  eden space 58880K, 100% used [0x00000000f5580000,0x00000000f8f00000,0x00000000f8f00000)
  from space 54784K, 0% used [0x00000000fca80000,0x00000000fca80000,0x0000000100000000)
  to   space 57856K, 0% used [0x00000000f8f00000,0x00000000f8f00000,0x00000000fc780000)
 ParOldGen       total 349696K, used 349695K [0x00000000e0000000, 0x00000000f5580000, 0x00000000f5580000)
  object space 349696K, 99% used [0x00000000e0000000,0x00000000f557ffd0,0x00000000f5580000)
 Metaspace       used 149658K, capacity 158169K, committed 159616K, reserved 1187840K
  class space    used 19278K, capacity 21018K, committed 21376K, reserved 1048576K
Event: 2858.621 GC heap after
Heap after GC invocations=863 (full 632):
 PSYoungGen      total 113664K, used 58879K [0x00000000f5580000, 0x0000000100000000, 0x0000000100000000)
  eden space 58880K, 99% used [0x00000000f5580000,0x00000000f8effee0,0x00000000f8f00000)
  from space 54784K, 0% used [0x00000000fca80000,0x00000000fca80000,0x0000000100000000)
  to   space 57856K, 0% used [0x00000000f8f00000,0x00000000f8f00000,0x00000000fc780000)
 ParOldGen       total 349696K, used 349691K [0x00000000e0000000, 0x00000000f5580000, 0x00000000f5580000)
  object space 349696K, 99% used [0x00000000e0000000,0x00000000f557ed90,0x00000000f5580000)
 Metaspace       used 149658K, capacity 158169K, committed 159616K, reserved 1187840K
  class space    used 19278K, capacity 21018K, committed 21376K, reserved 1048576K
}

